{
  "RSpec": {
    "coverage": {
      "/Users/andela/Public/bucketlist/app/controllers/api/sessions_controller.rb": [
        1,
        1,
        1,
        1,
        3,
        3,
        2,
        null,
        1,
        null,
        null,
        null,
        null,
        1,
        1,
        1,
        null,
        null,
        1,
        null,
        1,
        3,
        null,
        null,
        1,
        2,
        null,
        null,
        null
      ],
      "/Users/andela/Public/bucketlist/app/controllers/application_controller.rb": [
        1,
        1,
        null,
        1,
        1,
        null,
        1,
        1,
        2,
        1,
        1,
        null,
        0,
        null,
        0,
        null,
        null,
        1,
        null,
        1,
        0,
        1,
        null,
        null,
        1,
        2,
        null,
        null,
        1,
        3,
        null,
        null,
        1,
        null,
        1,
        3,
        null,
        null,
        1,
        0,
        null,
        null,
        1,
        0,
        null,
        null,
        null,
        1,
        1,
        null,
        null
      ],
      "/Users/andela/Public/bucketlist/app/controllers/api/authentication_timeout_error.rb": [
        1,
        1,
        null,
        null
      ],
      "/Users/andela/Public/bucketlist/app/controllers/api/not_authenticated_error.rb": [
        1,
        1,
        null,
        null
      ],
      "/Users/andela/Public/bucketlist/app/models/user.rb": [
        1,
        1,
        null,
        1,
        5,
        1,
        1,
        1,
        null,
        1,
        null,
        1,
        3,
        3,
        2,
        2,
        null,
        null,
        null
      ],
      "/Users/andela/Public/bucketlist/app/controllers/auth_token.rb": [
        1,
        1,
        2,
        2,
        null,
        null,
        1,
        1,
        1,
        1,
        null,
        null
      ]
    },
    "timestamp": 1462538681
  }
}
