{
  "RSpec": {
    "coverage": {
      "/Users/andela/Public/bucketlist/spec/controllers/api/v1/bucketlists_controller_spec.rb": [
        null,
        null,
        null,
        null,
        null,
        null,
        null,
        null,
        null,
        null,
        null,
        null
      ],
      "/Users/andela/Public/bucketlist/spec/controllers/api/v1/create_bucketlist_spec.rb": [
        1,
        null,
        1,
        1,
        1,
        null,
        null,
        null,
        null,
        1,
        null,
        1,
        1,
        null,
        2,
        2,
        null,
        null,
        null,
        null,
        2,
        null,
        null,
        null,
        null,
        null,
        1,
        1,
        null,
        1,
        1,
        null,
        null,
        null,
        null,
        1,
        1,
        2,
        2,
        null,
        null,
        null,
        null,
        2,
        null,
        null,
        null,
        null,
        1,
        1,
        null,
        null,
        null,
        null,
        null,
        null,
        null,
        1,
        1,
        null,
        null,
        null
      ],
      "/Users/andela/Public/bucketlist/app/controllers/api/v1/bucketlists_controller.rb": [
        1,
        1,
        null,
        1,
        4,
        4,
        4,
        2,
        null,
        2,
        null,
        null,
        null,
        null,
        1,
        3,
        3,
        0,
        null,
        3,
        null,
        null,
        null,
        1,
        4,
        4,
        2,
        null,
        2,
        null,
        null,
        null,
        1,
        6,
        6,
        4,
        2,
        null,
        2,
        null,
        null,
        2,
        null,
        null,
        null,
        1,
        2,
        2,
        1,
        1,
        null,
        0,
        null,
        null,
        1,
        null,
        null,
        null,
        null,
        1,
        1,
        20,
        null,
        null
      ],
      "/Users/andela/Public/bucketlist/app/controllers/application_controller.rb": [
        1,
        1,
        1,
        null,
        1,
        1,
        38,
        31,
        31,
        null,
        0,
        null,
        0,
        null,
        1,
        null,
        1,
        31,
        null,
        null,
        1,
        38,
        null,
        null,
        1,
        93,
        null,
        null,
        1,
        null,
        31,
        69,
        null,
        null,
        1,
        0,
        null,
        null,
        1,
        0,
        null,
        null,
        1,
        7,
        null,
        null,
        null
      ],
      "/Users/andela/Public/bucketlist/app/controllers/api/authentication_timeout_error.rb": [
        1,
        null
      ],
      "/Users/andela/Public/bucketlist/app/controllers/api/not_authenticated_error.rb": [
        1,
        null
      ],
      "/Users/andela/Public/bucketlist/spec/controllers/api/v1/creating_item_spec.rb": [
        1,
        null,
        1,
        1,
        null,
        null,
        1,
        1,
        3,
        3,
        3,
        null,
        null,
        null,
        null,
        3,
        null,
        null,
        null,
        null,
        null,
        1,
        1,
        null,
        null,
        1,
        1,
        null,
        1,
        1,
        null,
        null,
        null,
        1,
        1,
        2,
        2,
        2,
        null,
        null,
        null,
        null,
        2,
        null,
        null,
        null,
        null,
        1,
        1,
        null,
        1,
        1,
        null,
        null,
        null
      ],
      "/Users/andela/Public/bucketlist/spec/controllers/api/v1/delete_bucketlist_spec.rb": [
        1,
        null,
        1,
        1,
        1,
        1,
        1,
        1,
        null,
        null,
        1,
        null,
        1,
        1,
        1,
        1,
        null,
        null,
        null,
        null,
        1,
        1,
        null,
        null,
        null,
        1,
        null,
        1,
        1,
        1,
        null,
        null,
        null,
        null,
        1,
        1,
        null,
        null,
        null,
        null,
        null,
        null
      ],
      "/Users/andela/Public/bucketlist/spec/controllers/api/v1/show_bucket_list_spec.rb": [
        1,
        null,
        1,
        1,
        1,
        1,
        1,
        1,
        null,
        1,
        1,
        1,
        2,
        2,
        null,
        null,
        null,
        null,
        2,
        null,
        null,
        1,
        1,
        null,
        null,
        1,
        1,
        null,
        null,
        null,
        null,
        1,
        1,
        2,
        2,
        null,
        null,
        null,
        null,
        2,
        null,
        null,
        1,
        1,
        null,
        null,
        1,
        1,
        null,
        null,
        null,
        null,
        1,
        1,
        null,
        null,
        null
      ],
      "/Users/andela/Public/bucketlist/spec/controllers/api/v1/update_bucketlist_spec.rb": [
        1,
        1,
        1,
        1,
        1,
        1,
        1,
        null,
        null,
        1,
        1,
        1,
        1,
        2,
        2,
        null,
        null,
        null,
        null,
        2,
        null,
        null,
        null,
        1,
        1,
        null,
        null,
        1,
        1,
        null,
        null,
        1,
        1,
        2,
        2,
        null,
        null,
        null,
        null,
        2,
        null,
        null,
        null,
        1,
        1,
        null,
        1,
        null,
        1,
        null,
        null,
        null,
        null,
        1,
        1,
        2,
        2,
        null,
        null,
        null,
        null,
        2,
        null,
        null,
        null,
        null,
        null,
        1,
        null,
        1,
        null,
        null,
        1,
        1,
        null,
        null,
        null,
        null
      ],
      "/Users/andela/Public/bucketlist/spec/controllers/api/v1/update_items_spec.rb": [
        1,
        null,
        1,
        1,
        1,
        null,
        1,
        1,
        3,
        3,
        null,
        null,
        null,
        null,
        3,
        null,
        null,
        null,
        1,
        1,
        null,
        null,
        1,
        1,
        null,
        1,
        1,
        null,
        null,
        1,
        1,
        1,
        2,
        2,
        null,
        null,
        null,
        null,
        2,
        null,
        null,
        1,
        1,
        null,
        1,
        1,
        null,
        null,
        null,
        1,
        1,
        1,
        1,
        null,
        null,
        null,
        null,
        1,
        null,
        null,
        1,
        1,
        null,
        null,
        null,
        null
      ],
      "/Users/andela/Public/bucketlist/spec/controllers/sessions_controller_spec.rb": [
        1,
        null,
        1,
        null,
        null,
        1,
        1,
        2,
        null,
        2,
        null,
        1,
        1,
        null,
        null,
        null,
        1,
        1,
        1,
        null,
        null,
        1,
        1,
        null,
        null,
        null,
        1,
        1,
        1,
        null,
        null,
        null,
        null,
        1,
        1,
        1,
        null,
        1,
        null,
        1,
        null,
        null,
        null,
        null,
        1,
        1,
        1,
        null,
        1,
        1,
        null,
        null,
        null,
        null,
        1,
        1,
        null,
        null,
        null
      ],
      "/Users/andela/Public/bucketlist/app/controllers/api/sessions_controller.rb": [
        1,
        1,
        1,
        33,
        33,
        32,
        32,
        null,
        1,
        null,
        null,
        null,
        1,
        1,
        1,
        null,
        null,
        1,
        null,
        1,
        65,
        null,
        null,
        1,
        32,
        null,
        null
      ],
      "/Users/andela/Public/bucketlist/spec/controllers/users_controller_spec.rb": [
        1,
        null,
        1,
        1,
        1,
        1,
        1,
        null,
        null,
        null,
        null,
        null,
        1,
        null,
        1,
        1,
        1,
        null,
        null,
        null,
        null,
        null,
        1,
        1,
        null,
        null,
        null
      ],
      "/Users/andela/Public/bucketlist/app/controllers/api/users_controller.rb": [
        1,
        1,
        2,
        2,
        null,
        1,
        null,
        1,
        null,
        null,
        null,
        1,
        1,
        2,
        null,
        null
      ],
      "/Users/andela/Public/bucketlist/spec/models/bucket_list_spec.rb": [
        null,
        null,
        null,
        null,
        null
      ],
      "/Users/andela/Public/bucketlist/spec/models/item_spec.rb": [
        1,
        null,
        1,
        1,
        null
      ],
      "/Users/andela/Public/bucketlist/app/models/item.rb": [
        1,
        1,
        null,
        1,
        null
      ],
      "/Users/andela/Public/bucketlist/spec/models/users_spec.rb": [
        1,
        1,
        null,
        12,
        null,
        2,
        2,
        2,
        2,
        2,
        2,
        null,
        1,
        1,
        null,
        2,
        null,
        null,
        1,
        1,
        1,
        1,
        null,
        1,
        1,
        1,
        null,
        null,
        null,
        null,
        1,
        null,
        3,
        1,
        1,
        1,
        1,
        null,
        1,
        1,
        1,
        null,
        null,
        null
      ],
      "/Users/andela/Public/bucketlist/spec/support/shared_example_spec.rb": [
        1,
        0,
        0,
        null,
        null,
        null,
        null,
        null,
        0,
        null,
        0,
        null,
        0,
        null,
        0,
        0,
        null,
        null,
        null
      ],
      "/Users/andela/Public/bucketlist/app/models/user.rb": [
        1,
        1,
        null,
        1,
        66,
        1,
        1,
        1,
        1,
        null,
        1,
        35,
        35,
        33,
        33,
        null,
        null,
        null,
        null,
        null
      ],
      "/Users/andela/Public/bucketlist/app/models/bucket_list.rb": [
        1,
        1,
        1,
        1,
        1,
        null
      ],
      "/Users/andela/Public/bucketlist/app/controllers/auth_token.rb": [
        1,
        1,
        32,
        32,
        null,
        null,
        1,
        31,
        31,
        null,
        null
      ],
      "/Users/andela/Public/bucketlist/app/controllers/api/v1/items_controller.rb": [
        1,
        1,
        1,
        1,
        1,
        5,
        5,
        3,
        null,
        2,
        null,
        null,
        null,
        1,
        5,
        3,
        null,
        2,
        null,
        null,
        null,
        1,
        0,
        0,
        null,
        null,
        1,
        null,
        1,
        36,
        null,
        null,
        1,
        11,
        11,
        null,
        10,
        5,
        5,
        null,
        null,
        null,
        null
      ],
      "/Users/andela/Public/bucketlist/app/controllers/concerns/invalid_request.rb": [
        1,
        1,
        1,
        1,
        null,
        null
      ]
    },
    "timestamp": 1462446818
  }
}
